android/app/build/intermediates/manifest_merge_blame_file/debug/manifest-merger-blame-debug-report.txt
1<?xml version="1.0" encoding="utf-8"?>
2<manifest xmlns:android="http://schemas.android.com/apk/res/android"
3    package="com.reactnativeapp"
4    android:versionCode="1"
5    android:versionName="1.0" >
6
7    <uses-sdk
8        android:minSdkVersion="21"
9        android:targetSdkVersion="33" />
10
11    <uses-permission android:name="android.permission.SYSTEM_ALERT_WINDOW" />
11-->src\debug\AndroidManifest.xml:5:5-77
11-->src\debug\AndroidManifest.xml:5:22-75
12    <uses-permission android:name="android.permission.INTERNET" />
12-->src\main\AndroidManifest.xml:3:5-67
12-->src\main\AndroidManifest.xml:3:22-64
13    <uses-permission android:name="android.permission.ACCESS_FINE_LOCATION" />
13-->src\main\AndroidManifest.xml:4:5-79
13-->src\main\AndroidManifest.xml:4:22-76
14    <uses-permission android:name="android.permission.ACCESS_WIFI_STATE" />
14-->[com.facebook.flipper:flipper:0.182.0] AndroidManifest.xml:16:5-76
14-->[com.facebook.flipper:flipper:0.182.0] AndroidManifest.xml:16:22-73
15
16    <application
16-->src\main\AndroidManifest.xml:6:5-25:19
17        android:name="com.reactnativeapp.MainApplication"
17-->src\main\AndroidManifest.xml:7:7-38
18        android:allowBackup="false"
18-->src\main\AndroidManifest.xml:11:7-34
19        android:appComponentFactory="androidx.core.app.CoreComponentFactory"
19-->[androidx.core:core:1.8.0] AndroidManifest.xml:24:18-86
20        android:debuggable="true"
21        android:icon="@mipmap/ic_launcher"
21-->src\main\AndroidManifest.xml:9:7-41
22        android:label="@string/app_name"
22-->src\main\AndroidManifest.xml:8:7-39
23        android:roundIcon="@mipmap/ic_launcher_round"
23-->src\main\AndroidManifest.xml:10:7-52
24        android:theme="@style/AppTheme"
24-->src\main\AndroidManifest.xml:12:7-38
25        android:usesCleartextTraffic="true" >
25-->src\debug\AndroidManifest.xml:8:9-44
26        <activity
26-->src\debug\AndroidManifest.xml:11:9-111
27            android:name="com.facebook.react.devsupport.DevSettingsActivity"
27-->src\debug\AndroidManifest.xml:11:19-83
28            android:exported="false" />
28-->src\debug\AndroidManifest.xml:11:84-108
29        <activity
29-->src\main\AndroidManifest.xml:13:7-24:18
30            android:name="com.reactnativeapp.MainActivity"
30-->src\main\AndroidManifest.xml:14:9-37
31            android:configChanges="keyboard|keyboardHidden|orientation|screenLayout|screenSize|smallestScreenSize|uiMode"
31-->src\main\AndroidManifest.xml:16:9-118
32            android:exported="true"
32-->src\main\AndroidManifest.xml:19:9-32
33            android:label="@string/app_name"
33-->src\main\AndroidManifest.xml:15:9-41
34            android:launchMode="singleTask"
34-->src\main\AndroidManifest.xml:17:9-40
35            android:windowSoftInputMode="adjustResize" >
35-->src\main\AndroidManifest.xml:18:9-51
36            <intent-filter>
36-->src\main\AndroidManifest.xml:20:9-23:25
37                <action android:name="android.intent.action.MAIN" />
37-->src\main\AndroidManifest.xml:21:13-65
37-->src\main\AndroidManifest.xml:21:21-62
38
39                <category android:name="android.intent.category.LAUNCHER" />
39-->src\main\AndroidManifest.xml:22:13-73
39-->src\main\AndroidManifest.xml:22:23-70
40            </intent-filter>
41        </activity>
42
43        <provider
43-->[:react-native-image-picker] AndroidManifest.xml:8:9-16:20
44            android:name="com.imagepicker.ImagePickerProvider"
44-->[:react-native-image-picker] AndroidManifest.xml:9:13-63
45            android:authorities="com.reactnativeapp.imagepickerprovider"
45-->[:react-native-image-picker] AndroidManifest.xml:10:13-71
46            android:exported="false"
46-->[:react-native-image-picker] AndroidManifest.xml:11:13-37
47            android:grantUriPermissions="true" >
47-->[:react-native-image-picker] AndroidManifest.xml:12:13-47
48            <meta-data
48-->[:react-native-image-picker] AndroidManifest.xml:13:13-15:70
49                android:name="android.support.FILE_PROVIDER_PATHS"
49-->[:react-native-image-picker] AndroidManifest.xml:14:17-67
50                android:resource="@xml/imagepicker_provider_paths" />
50-->[:react-native-image-picker] AndroidManifest.xml:15:17-67
51        </provider>
52
53        <meta-data
53-->[com.facebook.soloader:soloader:0.10.5] AndroidManifest.xml:12:9-14:37
54            android:name="com.facebook.soloader.enabled"
54-->[com.facebook.soloader:soloader:0.10.5] AndroidManifest.xml:13:13-57
55            android:value="false" />
55-->[com.facebook.soloader:soloader:0.10.5] AndroidManifest.xml:14:13-34
56
57        <activity
57-->[com.google.android.gms:play-services-base:18.1.0] AndroidManifest.xml:20:9-22:45
58            android:name="com.google.android.gms.common.api.GoogleApiActivity"
58-->[com.google.android.gms:play-services-base:18.1.0] AndroidManifest.xml:20:19-85
59            android:exported="false"
59-->[com.google.android.gms:play-services-base:18.1.0] AndroidManifest.xml:22:19-43
60            android:theme="@android:style/Theme.Translucent.NoTitleBar" />
60-->[com.google.android.gms:play-services-base:18.1.0] AndroidManifest.xml:21:19-78
61
62        <meta-data
62-->[com.google.android.gms:play-services-basement:18.1.0] AndroidManifest.xml:21:9-23:69
63            android:name="com.google.android.gms.version"
63-->[com.google.android.gms:play-services-basement:18.1.0] AndroidManifest.xml:22:13-58
64            android:value="@integer/google_play_services_version" />
64-->[com.google.android.gms:play-services-basement:18.1.0] AndroidManifest.xml:23:13-66
65
66        <provider
66-->[androidx.emoji2:emoji2:1.0.0] AndroidManifest.xml:26:9-34:20
67            android:name="androidx.startup.InitializationProvider"
67-->[androidx.emoji2:emoji2:1.0.0] AndroidManifest.xml:27:13-67
68            android:authorities="com.reactnativeapp.androidx-startup"
68-->[androidx.emoji2:emoji2:1.0.0] AndroidManifest.xml:28:13-68
69            android:exported="false" >
69-->[androidx.emoji2:emoji2:1.0.0] AndroidManifest.xml:29:13-37
70            <meta-data
70-->[androidx.emoji2:emoji2:1.0.0] AndroidManifest.xml:31:13-33:52
71                android:name="androidx.emoji2.text.EmojiCompatInitializer"
71-->[androidx.emoji2:emoji2:1.0.0] AndroidManifest.xml:32:17-75
72                android:value="androidx.startup" />
72-->[androidx.emoji2:emoji2:1.0.0] AndroidManifest.xml:33:17-49
73            <meta-data
73-->[androidx.lifecycle:lifecycle-process:2.4.0] AndroidManifest.xml:31:13-33:52
74                android:name="androidx.lifecycle.ProcessLifecycleInitializer"
74-->[androidx.lifecycle:lifecycle-process:2.4.0] AndroidManifest.xml:32:17-78
75                android:value="androidx.startup" />
75-->[androidx.lifecycle:lifecycle-process:2.4.0] AndroidManifest.xml:33:17-49
76        </provider>
77    </application>
78
79</manifest>